<?xml version="1.0" encoding="UTF-8"?>
<!-- Generated by org.testng.reporters.JUnitXMLReporter -->
<testsuite hostname="DESKTOP-S94KECF" name="Surefire test" tests="1" failures="1" timestamp="2 Jun 2021 05:38:25 GMT" time="0.016" errors="0">
  <testcase name="testOne" time="0.016" classname="com.bussinessscripts.SampleTest">
    <failure type="java.lang.Error" message="Unresolved compilation problems: 
	Syntax error on tokens, delete these tokens
	Syntax error on tokens, delete these tokens
">
      <![CDATA[java.lang.Error: Unresolved compilation problems: 
	Syntax error on tokens, delete these tokens
	Syntax error on tokens, delete these tokens

	at com.bussinessscripts.SampleTest.testOne(SampleTest.java:20)
... Removed 29 stack frames]]>
    </failure>
  </testcase> <!-- testOne -->
</testsuite> <!-- Surefire test -->
