<?xml version="1.0" encoding="UTF-8"?>
<testng-results skipped="0" failed="0" total="1" passed="1">
  <reporter-output>
  </reporter-output>
  <suite name="Surefire suite" duration-ms="18758" started-at="2021-06-01T14:50:50Z" finished-at="2021-06-01T14:51:09Z">
    <groups>
    </groups>
    <test name="Surefire test" duration-ms="18758" started-at="2021-06-01T14:50:50Z" finished-at="2021-06-01T14:51:09Z">
      <class name="com.bussinessscripts.SampleTest">
        <test-method status="PASS" signature="testOne()[pri:0, instance:com.bussinessscripts.SampleTest@bc464]" name="testOne" duration-ms="18726" started-at="2021-06-01T20:20:50Z" finished-at="2021-06-01T20:21:09Z">
          <reporter-output>
          </reporter-output>
        </test-method> <!-- testOne -->
      </class> <!-- com.bussinessscripts.SampleTest -->
    </test> <!-- Surefire test -->
  </suite> <!-- Surefire suite -->
</testng-results>
