<?xml version="1.0" encoding="UTF-8"?>
<testng-results skipped="0" failed="0" total="1" passed="1">
  <reporter-output>
  </reporter-output>
  <suite name="Suite" duration-ms="12708" started-at="2021-06-01T04:39:16Z" finished-at="2021-06-01T04:39:29Z">
    <groups>
    </groups>
    <test name="Test" duration-ms="12708" started-at="2021-06-01T04:39:16Z" finished-at="2021-06-01T04:39:29Z">
      <class name="com.bussinessscripts.SampleTest">
        <test-method status="PASS" signature="testOne()[pri:0, instance:com.bussinessscripts.SampleTest@4af044]" name="testOne" duration-ms="12662" started-at="2021-06-01T10:09:16Z" finished-at="2021-06-01T10:09:29Z">
          <reporter-output>
          </reporter-output>
        </test-method> <!-- testOne -->
      </class> <!-- com.bussinessscripts.SampleTest -->
    </test> <!-- Test -->
  </suite> <!-- Suite -->
</testng-results>
